schat/android/build/app/outputs/logs/manifest-merger-release-report.txt
-- Merging decision tree log ---
manifest
ADDED from src\main\AndroidManifest.xml:1:1-89:12
INJECTED from src\main\AndroidManifest.xml:1:1-89:12
INJECTED from src\main\AndroidManifest.xml:1:1-89:12
INJECTED from src\main\AndroidManifest.xml:1:1-89:12
MERGED from [:sharesdk_plugin] AndroidManifest.xml:2:1-14:12
MERGED from [cn.sharesdk:ShareSDK:3.6.8] AndroidManifest.xml:2:1-11:12
MERGED from [cn.sharesdk:OneKeyShare:3.6.8] AndroidManifest.xml:2:1-11:12
MERGED from [androidx.multidex:multidex:2.0.0] AndroidManifest.xml:17:1-22:12
MERGED from [:firebase_ml_vision] AndroidManifest.xml:2:1-15:12
MERGED from [com.google.firebase:firebase-ml-vision:24.0.0] AndroidManifest.xml:2:1-18:12
MERGED from [com.google.firebase:firebase-ml-vision-face-model:19.0.0] AndroidManifest.xml:2:1-9:12
MERGED from [:file_picker] AndroidManifest.xml:2:1-9:12
MERGED from [:audioplayers] AndroidManifest.xml:2:1-9:12
MERGED from [:video_player] AndroidManifest.xml:2:1-7:12
MERGED from [:fluttertoast] AndroidManifest.xml:2:1-7:12
MERGED from [:flutter_webrtc] AndroidManifest.xml:2:1-7:12
MERGED from [:device_info] AndroidManifest.xml:2:1-7:12
MERGED from [:wakelock] AndroidManifest.xml:2:1-7:12
MERGED from [:adhara_socket_io] AndroidManifest.xml:2:1-7:12
MERGED from [:camera] AndroidManifest.xml:2:1-10:12
MERGED from [:path_provider] AndroidManifest.xml:2:1-7:12
MERGED from [:google_maps_flutter] AndroidManifest.xml:2:1-7:12
MERGED from [:permission_handler] AndroidManifest.xml:2:1-7:12
MERGED from [:shared_preferences] AndroidManifest.xml:2:1-7:12
MERGED from [:uni_links] AndroidManifest.xml:2:1-7:12
MERGED from [androidx.exifinterface:exifinterface:1.0.0] AndroidManifest.xml:17:1-22:12
MERGED from [com.google.android.gms:play-services-auth-base:17.0.0] AndroidManifest.xml:2:1-7:12
MERGED from [com.google.android.gms:play-services-vision:19.0.0] AndroidManifest.xml:2:1-9:12
MERGED from [com.google.android.gms:play-services-vision-image-label:18.0.1] AndroidManifest.xml:2:1-9:12
MERGED from [com.google.android.gms:play-services-vision-common:19.0.0] AndroidManifest.xml:2:1-9:12
MERGED from [com.google.firebase:firebase-ml-common:22.0.0] AndroidManifest.xml:2:1-17:12
MERGED from [com.google.android.gms:play-services-clearcut:17.0.0] AndroidManifest.xml:17:1-24:12
MERGED from [com.google.android.gms:play-services-flags:17.0.0] AndroidManifest.xml:17:1-22:12
MERGED from [com.google.android.gms:play-services-maps:17.0.0] AndroidManifest.xml:17:1-38:12
MERGED from [com.google.android.gms:play-services-phenotype:17.0.0] AndroidManifest.xml:17:1-24:12
MERGED from [com.google.firebase:firebase-iid:19.0.0] AndroidManifest.xml:17:1-47:12
MERGED from [com.google.firebase:firebase-iid-interop:17.0.0] AndroidManifest.xml:2:1-10:12
MERGED from [com.google.android.gms:play-services-base:17.0.0] AndroidManifest.xml:17:1-29:12
MERGED from [com.google.firebase:firebase-common:19.0.0] AndroidManifest.xml:2:1-19:12
MERGED from [com.google.android.gms:play-services-tasks:17.0.0] AndroidManifest.xml:2:1-9:12
MERGED from [com.google.android.gms:play-services-stats:17.0.0] AndroidManifest.xml:2:1-9:12
MERGED from [com.google.android.gms:play-services-basement:17.0.0] AndroidManifest.xml:17:1-28:12
MERGED from [androidx.appcompat:appcompat:1.0.0-beta01] AndroidManifest.xml:17:1-22:12
MERGED from [com.google.android.exoplayer:exoplayer-hls:2.9.6] AndroidManifest.xml:17:1-24:12
MERGED from [com.google.android.exoplayer:exoplayer-dash:2.9.6] AndroidManifest.xml:17:1-24:12
MERGED from [com.google.android.exoplayer:exoplayer-smoothstreaming:2.9.6] AndroidManifest.xml:17:1-24:12
MERGED from [com.google.android.exoplayer:exoplayer-core:2.9.6] AndroidManifest.xml:17:1-26:12
MERGED from [org.webrtc:google-webrtc:1.0.28262] AndroidManifest.xml:11:1-14:12
MERGED from [androidx.fragment:fragment:1.0.0] AndroidManifest.xml:17:1-22:12
MERGED from [androidx.vectordrawable:vectordrawable-animated:1.0.0-beta01] AndroidManifest.xml:17:1-22:12
MERGED from [androidx.vectordrawable:vectordrawable:1.0.0-beta01] AndroidManifest.xml:17:1-22:12
MERGED from [androidx.legacy:legacy-support-core-ui:1.0.0] AndroidManifest.xml:17:1-22:12
MERGED from [androidx.legacy:legacy-support-core-utils:1.0.0] AndroidManifest.xml:17:1-22:12
MERGED from [androidx.loader:loader:1.0.0] AndroidManifest.xml:17:1-22:12
MERGED from [androidx.viewpager:viewpager:1.0.0] AndroidManifest.xml:17:1-22:12
MERGED from [androidx.coordinatorlayout:coordinatorlayout:1.0.0] AndroidManifest.xml:17:1-22:12
MERGED from [androidx.drawerlayout:drawerlayout:1.0.0] AndroidManifest.xml:17:1-22:12
MERGED from [androidx.slidingpanelayout:slidingpanelayout:1.0.0] AndroidManifest.xml:17:1-22:12
MERGED from [androidx.customview:customview:1.0.0] AndroidManifest.xml:17:1-22:12
MERGED from [androidx.swiperefreshlayout:swiperefreshlayout:1.0.0] AndroidManifest.xml:17:1-22:12
MERGED from [androidx.asynclayoutinflater:asynclayoutinflater:1.0.0] AndroidManifest.xml:17:1-22:12
MERGED from [androidx.core:core:1.1.0] AndroidManifest.xml:17:1-26:12
MERGED from [androidx.versionedparcelable:versionedparcelable:1.1.0] AndroidManifest.xml:17:1-27:12
MERGED from [androidx.lifecycle:lifecycle-viewmodel:2.0.0] AndroidManifest.xml:17:1-22:12
MERGED from [androidx.documentfile:documentfile:1.0.0] AndroidManifest.xml:17:1-22:12
MERGED from [androidx.localbroadcastmanager:localbroadcastmanager:1.0.0] AndroidManifest.xml:17:1-22:12
MERGED from [androidx.print:print:1.0.0] AndroidManifest.xml:17:1-22:12
MERGED from [androidx.cursoradapter:cursoradapter:1.0.0] AndroidManifest.xml:17:1-22:12
MERGED from [androidx.interpolator:interpolator:1.0.0] AndroidManifest.xml:17:1-22:12
MERGED from [androidx.lifecycle:lifecycle-livedata:2.0.0] AndroidManifest.xml:17:1-22:12
MERGED from [androidx.lifecycle:lifecycle-livedata-core:2.0.0] AndroidManifest.xml:17:1-22:12
MERGED from [androidx.arch.core:core-runtime:2.0.0] AndroidManifest.xml:17:1-22:12
MERGED from [androidx.lifecycle:lifecycle-runtime:2.0.0] AndroidManifest.xml:17:1-22:12
MERGED from [androidx.constraintlayout:constraintlayout:1.1.2] AndroidManifest.xml:2:1-11:12
INJECTED from src\main\AndroidManifest.xml:1:1-89:12
INJECTED from src\main\AndroidManifest.xml:1:1-89:12
INJECTED from src\main\AndroidManifest.xml:1:1-89:12
	package
		ADDED from src\main\AndroidManifest.xml:2:5-31
		INJECTED from src\main\AndroidManifest.xml
		INJECTED from src\main\AndroidManifest.xml
	android:versionName
		INJECTED from src\main\AndroidManifest.xml
		ADDED from src\main\AndroidManifest.xml:1:1-89:12
		INJECTED from src\main\AndroidManifest.xml
	android:versionCode
		INJECTED from src\main\AndroidManifest.xml
		ADDED from src\main\AndroidManifest.xml:1:1-89:12
		INJECTED from src\main\AndroidManifest.xml
	xmlns:android
		ADDED from src\main\AndroidManifest.xml:1:11-69
uses-feature#android.hardware.camera
ADDED from src\main\AndroidManifest.xml:4:5-60
	android:name
		ADDED from src\main\AndroidManifest.xml:4:19-57
uses-feature#android.hardware.camera.autofocus
ADDED from src\main\AndroidManifest.xml:5:5-70
	android:name
		ADDED from src\main\AndroidManifest.xml:5:19-67
uses-permission#android.permission.INTERNET
ADDED from src\main\AndroidManifest.xml:10:5-66
MERGED from [com.google.android.gms:play-services-maps:17.0.0] AndroidManifest.xml:24:5-67
MERGED from [com.google.android.gms:play-services-maps:17.0.0] AndroidManifest.xml:24:5-67
MERGED from [com.google.firebase:firebase-iid:19.0.0] AndroidManifest.xml:23:5-67
MERGED from [com.google.firebase:firebase-iid:19.0.0] AndroidManifest.xml:23:5-67
	android:name
		ADDED from src\main\AndroidManifest.xml:10:22-64
uses-permission#android.permission.READ_CONTACTS
ADDED from src\main\AndroidManifest.xml:13:5-71
	android:name
		ADDED from src\main\AndroidManifest.xml:13:22-69
uses-permission#android.permission.WRITE_CONTACTS
ADDED from src\main\AndroidManifest.xml:14:5-72
	android:name
		ADDED from src\main\AndroidManifest.xml:14:22-70
uses-permission#android.permission.GET_ACCOUNTS
ADDED from src\main\AndroidManifest.xml:15:5-70
	android:name
		ADDED from src\main\AndroidManifest.xml:15:22-68
uses-permission#android.permission.READ_EXTERNAL_STORAGE
ADDED from src\main\AndroidManifest.xml:18:5-79
MERGED from [:file_picker] AndroidManifest.xml:7:5-80
MERGED from [:file_picker] AndroidManifest.xml:7:5-80
	android:name
		ADDED from src\main\AndroidManifest.xml:18:22-77
uses-permission#android.permission.WRITE_EXTERNAL_STORAGE
ADDED from src\main\AndroidManifest.xml:19:5-80
	android:name
		ADDED from src\main\AndroidManifest.xml:19:22-78
uses-permission#android.permission.CAMERA
ADDED from src\main\AndroidManifest.xml:22:5-64
MERGED from [:camera] AndroidManifest.xml:7:5-65
MERGED from [:camera] AndroidManifest.xml:7:5-65
	android:name
		ADDED from src\main\AndroidManifest.xml:22:22-62
uses-permission#android.permission.ACCESS_FINE_LOCATION
ADDED from src\main\AndroidManifest.xml:25:5-79
	android:name
		ADDED from src\main\AndroidManifest.xml:25:22-76
uses-permission#android.permission.ACCESS_COARSE_LOCATION
ADDED from src\main\AndroidManifest.xml:26:5-81
	android:name
		ADDED from src\main\AndroidManifest.xml:26:22-78
uses-permission#android.permission.ACCESS_BACKGROUND_LOCATION
ADDED from src\main\AndroidManifest.xml:27:5-85
	android:name
		ADDED from src\main\AndroidManifest.xml:27:22-82
uses-permission#android.permission.RECORD_AUDIO
ADDED from src\main\AndroidManifest.xml:30:5-71
MERGED from [:camera] AndroidManifest.xml:8:5-71
MERGED from [:camera] AndroidManifest.xml:8:5-71
	android:name
		ADDED from src\main\AndroidManifest.xml:30:22-68
uses-permission#android.permission.ACCESS_NETWORK_STATE
ADDED from src\main\AndroidManifest.xml:33:5-79
MERGED from [com.google.android.gms:play-services-maps:17.0.0] AndroidManifest.xml:23:5-79
MERGED from [com.google.android.gms:play-services-maps:17.0.0] AndroidManifest.xml:23:5-79
MERGED from [com.google.firebase:firebase-iid:19.0.0] AndroidManifest.xml:22:5-79
MERGED from [com.google.firebase:firebase-iid:19.0.0] AndroidManifest.xml:22:5-79
MERGED from [com.google.android.exoplayer:exoplayer-core:2.9.6] AndroidManifest.xml:24:5-79
MERGED from [com.google.android.exoplayer:exoplayer-core:2.9.6] AndroidManifest.xml:24:5-79
	android:name
		ADDED from src\main\AndroidManifest.xml:33:22-76
uses-permission#android.permission.CHANGE_NETWORK_STATE
ADDED from src\main\AndroidManifest.xml:34:5-79
	android:name
		ADDED from src\main\AndroidManifest.xml:34:22-76
uses-permission#android.permission.MODIFY_AUDIO_SETTINGS
ADDED from src\main\AndroidManifest.xml:35:5-80
	android:name
		ADDED from src\main\AndroidManifest.xml:35:22-77
application
ADDED from src\main\AndroidManifest.xml:42:5-88:19
MERGED from [:sharesdk_plugin] AndroidManifest.xml:11:5-12:19
MERGED from [:sharesdk_plugin] AndroidManifest.xml:11:5-12:19
MERGED from [:firebase_ml_vision] AndroidManifest.xml:7:5-13:19
MERGED from [:firebase_ml_vision] AndroidManifest.xml:7:5-13:19
MERGED from [com.google.firebase:firebase-ml-vision:24.0.0] AndroidManifest.xml:8:5-16:19
MERGED from [com.google.firebase:firebase-ml-vision:24.0.0] AndroidManifest.xml:8:5-16:19
MERGED from [com.google.firebase:firebase-ml-vision-face-model:19.0.0] AndroidManifest.xml:7:5-20
MERGED from [com.google.firebase:firebase-ml-vision-face-model:19.0.0] AndroidManifest.xml:7:5-20
MERGED from [com.google.android.gms:play-services-vision:19.0.0] AndroidManifest.xml:7:5-20
MERGED from [com.google.android.gms:play-services-vision:19.0.0] AndroidManifest.xml:7:5-20
MERGED from [com.google.android.gms:play-services-vision-image-label:18.0.1] AndroidManifest.xml:7:5-20
MERGED from [com.google.android.gms:play-services-vision-image-label:18.0.1] AndroidManifest.xml:7:5-20
MERGED from [com.google.android.gms:play-services-vision-common:19.0.0] AndroidManifest.xml:7:5-20
MERGED from [com.google.android.gms:play-services-vision-common:19.0.0] AndroidManifest.xml:7:5-20
MERGED from [com.google.firebase:firebase-ml-common:22.0.0] AndroidManifest.xml:7:5-15:19
MERGED from [com.google.firebase:firebase-ml-common:22.0.0] AndroidManifest.xml:7:5-15:19
MERGED from [com.google.android.gms:play-services-clearcut:17.0.0] AndroidManifest.xml:22:5-20
MERGED from [com.google.android.gms:play-services-clearcut:17.0.0] AndroidManifest.xml:22:5-20
MERGED from [com.google.android.gms:play-services-maps:17.0.0] AndroidManifest.xml:30:5-36:19
MERGED from [com.google.android.gms:play-services-maps:17.0.0] AndroidManifest.xml:30:5-36:19
MERGED from [com.google.android.gms:play-services-phenotype:17.0.0] AndroidManifest.xml:22:5-20
MERGED from [com.google.android.gms:play-services-phenotype:17.0.0] AndroidManifest.xml:22:5-20
MERGED from [com.google.firebase:firebase-iid:19.0.0] AndroidManifest.xml:28:5-45:19
MERGED from [com.google.firebase:firebase-iid:19.0.0] AndroidManifest.xml:28:5-45:19
MERGED from [com.google.firebase:firebase-iid-interop:17.0.0] AndroidManifest.xml:7:5-8:19
MERGED from [com.google.firebase:firebase-iid-interop:17.0.0] AndroidManifest.xml:7:5-8:19
MERGED from [com.google.android.gms:play-services-base:17.0.0] AndroidManifest.xml:22:5-27:19
MERGED from [com.google.android.gms:play-services-base:17.0.0] AndroidManifest.xml:22:5-27:19
MERGED from [com.google.firebase:firebase-common:19.0.0] AndroidManifest.xml:11:5-17:19
MERGED from [com.google.firebase:firebase-common:19.0.0] AndroidManifest.xml:11:5-17:19
MERGED from [com.google.android.gms:play-services-tasks:17.0.0] AndroidManifest.xml:7:5-20
MERGED from [com.google.android.gms:play-services-tasks:17.0.0] AndroidManifest.xml:7:5-20
MERGED from [com.google.android.gms:play-services-stats:17.0.0] AndroidManifest.xml:7:5-20
MERGED from [com.google.android.gms:play-services-stats:17.0.0] AndroidManifest.xml:7:5-20
MERGED from [com.google.android.gms:play-services-basement:17.0.0] AndroidManifest.xml:22:5-26:19
MERGED from [com.google.android.gms:play-services-basement:17.0.0] AndroidManifest.xml:22:5-26:19
MERGED from [androidx.core:core:1.1.0] AndroidManifest.xml:24:5-89
MERGED from [androidx.core:core:1.1.0] AndroidManifest.xml:24:5-89
MERGED from [androidx.versionedparcelable:versionedparcelable:1.1.0] AndroidManifest.xml:24:5-25:19
MERGED from [androidx.versionedparcelable:versionedparcelable:1.1.0] AndroidManifest.xml:24:5-25:19
MERGED from [androidx.constraintlayout:constraintlayout:1.1.2] AndroidManifest.xml:9:5-20
MERGED from [androidx.constraintlayout:constraintlayout:1.1.2] AndroidManifest.xml:9:5-20
	android:appComponentFactory
		ADDED from [androidx.core:core:1.1.0] AndroidManifest.xml:24:18-86
	android:label
		ADDED from src\main\AndroidManifest.xml:44:9-30
	android:icon
		ADDED from src\main\AndroidManifest.xml:46:9-45
	android:usesCleartextTraffic
		ADDED from src\main\AndroidManifest.xml:45:9-44
	android:name
		ADDED from src\main\AndroidManifest.xml:43:9-57
meta-data#com.google.android.geo.API_KEY
ADDED from src\main\AndroidManifest.xml:47:9-123
	android:value
		ADDED from src\main\AndroidManifest.xml:47:66-121
	android:name
		ADDED from src\main\AndroidManifest.xml:47:20-65
activity#com.hmsoft.schat.MainActivity
ADDED from src\main\AndroidManifest.xml:48:9-87:20
	android:launchMode
		ADDED from src\main\AndroidManifest.xml:50:13-43
	android:hardwareAccelerated
		ADDED from src\main\AndroidManifest.xml:53:13-47
	android:windowSoftInputMode
		ADDED from src\main\AndroidManifest.xml:54:13-55
	android:configChanges
		ADDED from src\main\AndroidManifest.xml:52:13-144
	android:theme
		ADDED from src\main\AndroidManifest.xml:51:13-47
	android:name
		ADDED from src\main\AndroidManifest.xml:49:13-41
meta-data#io.flutter.app.android.SplashScreenUntilFirstFrame
ADDED from src\main\AndroidManifest.xml:59:13-61:40
	android:value
		ADDED from src\main\AndroidManifest.xml:61:17-37
	android:name
		ADDED from src\main\AndroidManifest.xml:60:17-82
intent-filter#action:name:android.intent.action.MAIN+category:name:android.intent.category.LAUNCHER
ADDED from src\main\AndroidManifest.xml:62:13-65:29
action#android.intent.action.MAIN
ADDED from src\main\AndroidManifest.xml:63:17-68
	android:name
		ADDED from src\main\AndroidManifest.xml:63:25-66
category#android.intent.category.LAUNCHER
ADDED from src\main\AndroidManifest.xml:64:17-76
	android:name
		ADDED from src\main\AndroidManifest.xml:64:27-74
intent-filter#action:name:android.intent.action.VIEW+category:name:android.intent.category.BROWSABLE+category:name:android.intent.category.DEFAULT+data:host:schat.hmsoft.com+data:pathPrefix:/call+data:scheme:schat
ADDED from src\main\AndroidManifest.xml:67:13-75:29
action#android.intent.action.VIEW
ADDED from src\main\AndroidManifest.xml:68:17-69
	android:name
		ADDED from src\main\AndroidManifest.xml:68:25-66
category#android.intent.category.DEFAULT
ADDED from src\main\AndroidManifest.xml:69:17-76
	android:name
		ADDED from src\main\AndroidManifest.xml:69:27-73
category#android.intent.category.BROWSABLE
ADDED from src\main\AndroidManifest.xml:70:17-78
	android:name
		ADDED from src\main\AndroidManifest.xml:70:27-75
data
ADDED from src\main\AndroidManifest.xml:71:17-74:55
	android:host
		ADDED from src\main\AndroidManifest.xml:74:21-52
	android:scheme
		ADDED from src\main\AndroidManifest.xml:72:21-43
	android:pathPrefix
		ADDED from src\main\AndroidManifest.xml:73:21-47
intent-filter#action:name:android.intent.action.VIEW+category:name:android.intent.category.BROWSABLE+category:name:android.intent.category.DEFAULT+data:host:schat.hmsoft.com+data:pathPrefix:/call+data:scheme:http
ADDED from src\main\AndroidManifest.xml:78:13-86:29
uses-sdk
INJECTED from src\main\AndroidManifest.xml reason: use-sdk injection requested
INJECTED from src\main\AndroidManifest.xml
INJECTED from src\main\AndroidManifest.xml
MERGED from [:sharesdk_plugin] AndroidManifest.xml:7:5-9:41
MERGED from [:sharesdk_plugin] AndroidManifest.xml:7:5-9:41
MERGED from [cn.sharesdk:ShareSDK:3.6.8] AndroidManifest.xml:7:5-9:41
MERGED from [cn.sharesdk:ShareSDK:3.6.8] AndroidManifest.xml:7:5-9:41
MERGED from [cn.sharesdk:OneKeyShare:3.6.8] AndroidManifest.xml:7:5-9:41
MERGED from [cn.sharesdk:OneKeyShare:3.6.8] AndroidManifest.xml:7:5-9:41
MERGED from [androidx.multidex:multidex:2.0.0] AndroidManifest.xml:20:5-43
MERGED from [androidx.multidex:multidex:2.0.0] AndroidManifest.xml:20:5-43
MERGED from [:firebase_ml_vision] AndroidManifest.xml:5:5-44
MERGED from [:firebase_ml_vision] AndroidManifest.xml:5:5-44
MERGED from [com.google.firebase:firebase-ml-vision:24.0.0] AndroidManifest.xml:6:5-44
MERGED from [com.google.firebase:firebase-ml-vision:24.0.0] AndroidManifest.xml:6:5-44
MERGED from [com.google.firebase:firebase-ml-vision-face-model:19.0.0] AndroidManifest.xml:5:5-44
MERGED from [com.google.firebase:firebase-ml-vision-face-model:19.0.0] AndroidManifest.xml:5:5-44
MERGED from [:file_picker] AndroidManifest.xml:5:5-44
MERGED from [:file_picker] AndroidManifest.xml:5:5-44
MERGED from [:audioplayers] AndroidManifest.xml:7:5-44
MERGED from [:audioplayers] AndroidManifest.xml:7:5-44
MERGED from [:video_player] AndroidManifest.xml:5:5-44
MERGED from [:video_player] AndroidManifest.xml:5:5-44
MERGED from [:fluttertoast] AndroidManifest.xml:5:5-44
MERGED from [:fluttertoast] AndroidManifest.xml:5:5-44
MERGED from [:flutter_webrtc] AndroidManifest.xml:5:5-44
MERGED from [:flutter_webrtc] AndroidManifest.xml:5:5-44
MERGED from [:device_info] AndroidManifest.xml:5:5-44
MERGED from [:device_info] AndroidManifest.xml:5:5-44
MERGED from [:wakelock] AndroidManifest.xml:5:5-44
MERGED from [:wakelock] AndroidManifest.xml:5:5-44
MERGED from [:adhara_socket_io] AndroidManifest.xml:5:5-44
MERGED from [:adhara_socket_io] AndroidManifest.xml:5:5-44
MERGED from [:camera] AndroidManifest.xml:5:5-44
MERGED from [:camera] AndroidManifest.xml:5:5-44
MERGED from [:path_provider] AndroidManifest.xml:5:5-44
MERGED from [:path_provider] AndroidManifest.xml:5:5-44
MERGED from [:google_maps_flutter] AndroidManifest.xml:5:5-44
MERGED from [:google_maps_flutter] AndroidManifest.xml:5:5-44
MERGED from [:permission_handler] AndroidManifest.xml:5:5-44
MERGED from [:permission_handler] AndroidManifest.xml:5:5-44
MERGED from [:shared_preferences] AndroidManifest.xml:5:5-44
MERGED from [:shared_preferences] AndroidManifest.xml:5:5-44
MERGED from [:uni_links] AndroidManifest.xml:5:5-44
MERGED from [:uni_links] AndroidManifest.xml:5:5-44
MERGED from [androidx.exifinterface:exifinterface:1.0.0] AndroidManifest.xml:20:5-44
MERGED from [androidx.exifinterface:exifinterface:1.0.0] AndroidManifest.xml:20:5-44
MERGED from [com.google.android.gms:play-services-auth-base:17.0.0] AndroidManifest.xml:5:5-44
MERGED from [com.google.android.gms:play-services-auth-base:17.0.0] AndroidManifest.xml:5:5-44
MERGED from [com.google.android.gms:play-services-vision:19.0.0] AndroidManifest.xml:5:5-44
MERGED from [com.google.android.gms:play-services-vision:19.0.0] AndroidManifest.xml:5:5-44
MERGED from [com.google.android.gms:play-services-vision-image-label:18.0.1] AndroidManifest.xml:5:5-44
MERGED from [com.google.android.gms:play-services-vision-image-label:18.0.1] AndroidManifest.xml:5:5-44
MERGED from [com.google.android.gms:play-services-vision-common:19.0.0] AndroidManifest.xml:5:5-44
MERGED from [com.google.android.gms:play-services-vision-common:19.0.0] AndroidManifest.xml:5:5-44
MERGED from [com.google.firebase:firebase-ml-common:22.0.0] AndroidManifest.xml:5:5-44
MERGED from [com.google.firebase:firebase-ml-common:22.0.0] AndroidManifest.xml:5:5-44
MERGED from [com.google.android.gms:play-services-clearcut:17.0.0] AndroidManifest.xml:20:5-44
MERGED from [com.google.android.gms:play-services-clearcut:17.0.0] AndroidManifest.xml:20:5-44
MERGED from [com.google.android.gms:play-services-flags:17.0.0] AndroidManifest.xml:20:5-44
MERGED from [com.google.android.gms:play-services-flags:17.0.0] AndroidManifest.xml:20:5-44
MERGED from [com.google.android.gms:play-services-maps:17.0.0] AndroidManifest.xml:20:5-44
MERGED from [com.google.android.gms:play-services-maps:17.0.0] AndroidManifest.xml:20:5-44
MERGED from [com.google.android.gms:play-services-phenotype:17.0.0] AndroidManifest.xml:20:5-44
MERGED from [com.google.android.gms:play-services-phenotype:17.0.0] AndroidManifest.xml:20:5-44
MERGED from [com.google.firebase:firebase-iid:19.0.0] AndroidManifest.xml:20:5-44
MERGED from [com.google.firebase:firebase-iid:19.0.0] AndroidManifest.xml:20:5-44
MERGED from [com.google.firebase:firebase-iid-interop:17.0.0] AndroidManifest.xml:5:5-44
MERGED from [com.google.firebase:firebase-iid-interop:17.0.0] AndroidManifest.xml:5:5-44
MERGED from [com.google.android.gms:play-services-base:17.0.0] AndroidManifest.xml:20:5-44
MERGED from [com.google.android.gms:play-services-base:17.0.0] AndroidManifest.xml:20:5-44
MERGED from [com.google.firebase:firebase-common:19.0.0] AndroidManifest.xml:6:5-8:41
MERGED from [com.google.firebase:firebase-common:19.0.0] AndroidManifest.xml:6:5-8:41
MERGED from [com.google.android.gms:play-services-tasks:17.0.0] AndroidManifest.xml:5:5-44
MERGED from [com.google.android.gms:play-services-tasks:17.0.0] AndroidManifest.xml:5:5-44
MERGED from [com.google.android.gms:play-services-stats:17.0.0] AndroidManifest.xml:5:5-44
MERGED from [com.google.android.gms:play-services-stats:17.0.0] AndroidManifest.xml:5:5-44
MERGED from [com.google.android.gms:play-services-basement:17.0.0] AndroidManifest.xml:20:5-44
MERGED from [com.google.android.gms:play-services-basement:17.0.0] AndroidManifest.xml:20:5-44
MERGED from [androidx.appcompat:appcompat:1.0.0-beta01] AndroidManifest.xml:20:5-44
MERGED from [androidx.appcompat:appcompat:1.0.0-beta01] AndroidManifest.xml:20:5-44
MERGED from [com.google.android.exoplayer:exoplayer-hls:2.9.6] AndroidManifest.xml:20:5-22:41
MERGED from [com.google.android.exoplayer:exoplayer-hls:2.9.6] AndroidManifest.xml:20:5-22:41
MERGED from [com.google.android.exoplayer:exoplayer-dash:2.9.6] AndroidManifest.xml:20:5-22:41
MERGED from [com.google.android.exoplayer:exoplayer-dash:2.9.6] AndroidManifest.xml:20:5-22:41
MERGED from [com.google.android.exoplayer:exoplayer-smoothstreaming:2.9.6] AndroidManifest.xml:20:5-22:41
MERGED from [com.google.android.exoplayer:exoplayer-smoothstreaming:2.9.6] AndroidManifest.xml:20:5-22:41
MERGED from [com.google.android.exoplayer:exoplayer-core:2.9.6] AndroidManifest.xml:20:5-22:41
MERGED from [com.google.android.exoplayer:exoplayer-core:2.9.6] AndroidManifest.xml:20:5-22:41
MERGED from [org.webrtc:google-webrtc:1.0.28262] AndroidManifest.xml:13:3-72
MERGED from [org.webrtc:google-webrtc:1.0.28262] AndroidManifest.xml:13:3-72
MERGED from [androidx.fragment:fragment:1.0.0] AndroidManifest.xml:20:5-44
MERGED from [androidx.fragment:fragment:1.0.0] AndroidManifest.xml:20:5-44
MERGED from [androidx.vectordrawable:vectordrawable-animated:1.0.0-beta01] AndroidManifest.xml:20:5-44
MERGED from [androidx.vectordrawable:vectordrawable-animated:1.0.0-beta01] AndroidManifest.xml:20:5-44
MERGED from [androidx.vectordrawable:vectordrawable:1.0.0-beta01] AndroidManifest.xml:20:5-44
MERGED from [androidx.vectordrawable:vectordrawable:1.0.0-beta01] AndroidManifest.xml:20:5-44
MERGED from [androidx.legacy:legacy-support-core-ui:1.0.0] AndroidManifest.xml:20:5-44
MERGED from [androidx.legacy:legacy-support-core-ui:1.0.0] AndroidManifest.xml:20:5-44
MERGED from [androidx.legacy:legacy-support-core-utils:1.0.0] AndroidManifest.xml:20:5-44
MERGED from [androidx.legacy:legacy-support-core-utils:1.0.0] AndroidManifest.xml:20:5-44
MERGED from [androidx.loader:loader:1.0.0] AndroidManifest.xml:20:5-44
MERGED from [androidx.loader:loader:1.0.0] AndroidManifest.xml:20:5-44
MERGED from [androidx.viewpager:viewpager:1.0.0] AndroidManifest.xml:20:5-44
MERGED from [androidx.viewpager:viewpager:1.0.0] AndroidManifest.xml:20:5-44
MERGED from [androidx.coordinatorlayout:coordinatorlayout:1.0.0] AndroidManifest.xml:20:5-44
MERGED from [androidx.coordinatorlayout:coordinatorlayout:1.0.0] AndroidManifest.xml:20:5-44
MERGED from [androidx.drawerlayout:drawerlayout:1.0.0] AndroidManifest.xml:20:5-44
MERGED from [androidx.drawerlayout:drawerlayout:1.0.0] AndroidManifest.xml:20:5-44
MERGED from [androidx.slidingpanelayout:slidingpanelayout:1.0.0] AndroidManifest.xml:20:5-44
MERGED from [androidx.slidingpanelayout:slidingpanelayout:1.0.0] AndroidManifest.xml:20:5-44
MERGED from [androidx.customview:customview:1.0.0] AndroidManifest.xml:20:5-44
MERGED from [androidx.customview:customview:1.0.0] AndroidManifest.xml:20:5-44
MERGED from [androidx.swiperefreshlayout:swiperefreshlayout:1.0.0] AndroidManifest.xml:20:5-44
MERGED from [androidx.swiperefreshlayout:swiperefreshlayout:1.0.0] AndroidManifest.xml:20:5-44
MERGED from [androidx.asynclayoutinflater:asynclayoutinflater:1.0.0] AndroidManifest.xml:20:5-44
MERGED from [androidx.asynclayoutinflater:asynclayoutinflater:1.0.0] AndroidManifest.xml:20:5-44
MERGED from [androidx.core:core:1.1.0] AndroidManifest.xml:20:5-22:41
MERGED from [androidx.core:core:1.1.0] AndroidManifest.xml:20:5-22:41
MERGED from [androidx.versionedparcelable:versionedparcelable:1.1.0] AndroidManifest.xml:20:5-22:41
MERGED from [androidx.versionedparcelable:versionedparcelable:1.1.0] AndroidManifest.xml:20:5-22:41
MERGED from [androidx.lifecycle:lifecycle-viewmodel:2.0.0] AndroidManifest.xml:20:5-44
MERGED from [androidx.lifecycle:lifecycle-viewmodel:2.0.0] AndroidManifest.xml:20:5-44
MERGED from [androidx.documentfile:documentfile:1.0.0] AndroidManifest.xml:20:5-44
MERGED from [androidx.documentfile:documentfile:1.0.0] AndroidManifest.xml:20:5-44
MERGED from [androidx.localbroadcastmanager:localbroadcastmanager:1.0.0] AndroidManifest.xml:20:5-44
MERGED from [androidx.localbroadcastmanager:localbroadcastmanager:1.0.0] AndroidManifest.xml:20:5-44
MERGED from [androidx.print:print:1.0.0] AndroidManifest.xml:20:5-44
MERGED from [androidx.print:print:1.0.0] AndroidManifest.xml:20:5-44
MERGED from [androidx.cursoradapter:cursoradapter:1.0.0] AndroidManifest.xml:20:5-44
MERGED from [androidx.cursoradapter:cursoradapter:1.0.0] AndroidManifest.xml:20:5-44
MERGED from [androidx.interpolator:interpolator:1.0.0] AndroidManifest.xml:20:5-44
MERGED from [androidx.interpolator:interpolator:1.0.0] AndroidManifest.xml:20:5-44
MERGED from [androidx.lifecycle:lifecycle-livedata:2.0.0] AndroidManifest.xml:20:5-44
MERGED from [androidx.lifecycle:lifecycle-livedata:2.0.0] AndroidManifest.xml:20:5-44
MERGED from [androidx.lifecycle:lifecycle-livedata-core:2.0.0] AndroidManifest.xml:20:5-44
MERGED from [androidx.lifecycle:lifecycle-livedata-core:2.0.0] AndroidManifest.xml:20:5-44
MERGED from [androidx.arch.core:core-runtime:2.0.0] AndroidManifest.xml:20:5-44
MERGED from [androidx.arch.core:core-runtime:2.0.0] AndroidManifest.xml:20:5-44
MERGED from [androidx.lifecycle:lifecycle-runtime:2.0.0] AndroidManifest.xml:20:5-44
MERGED from [androidx.lifecycle:lifecycle-runtime:2.0.0] AndroidManifest.xml:20:5-44
MERGED from [androidx.constraintlayout:constraintlayout:1.1.2] AndroidManifest.xml:5:5-7:41
MERGED from [androidx.constraintlayout:constraintlayout:1.1.2] AndroidManifest.xml:5:5-7:41
INJECTED from src\main\AndroidManifest.xml
INJECTED from src\main\AndroidManifest.xml
	android:targetSdkVersion
		INJECTED from src\main\AndroidManifest.xml
		ADDED from src\main\AndroidManifest.xml
		INJECTED from src\main\AndroidManifest.xml
	android:minSdkVersion
		INJECTED from src\main\AndroidManifest.xml
		ADDED from src\main\AndroidManifest.xml
		INJECTED from src\main\AndroidManifest.xml
service#com.google.firebase.components.ComponentDiscoveryService
ADDED from [:firebase_ml_vision] AndroidManifest.xml:8:9-12:19
MERGED from [com.google.firebase:firebase-ml-vision:24.0.0] AndroidManifest.xml:9:9-15:19
MERGED from [com.google.firebase:firebase-ml-vision:24.0.0] AndroidManifest.xml:9:9-15:19
MERGED from [com.google.firebase:firebase-ml-common:22.0.0] AndroidManifest.xml:8:9-14:19
MERGED from [com.google.firebase:firebase-ml-common:22.0.0] AndroidManifest.xml:8:9-14:19
MERGED from [com.google.firebase:firebase-iid:19.0.0] AndroidManifest.xml:29:9-35:19